<?xml version="1.0" encoding="UTF-8"?>
<testsuite xmlns:xsi="http://www.w3.org/2001/XMLSchema-instance" xsi:noNamespaceSchemaLocation="https://maven.apache.org/surefire/maven-surefire-plugin/xsd/surefire-test-report-3.0.xsd" version="3.0" name="smarthouse.Simulador_ESTest" time="1.614" tests="107" errors="0" skipped="0" failures="0">
  <properties>
[...]
</properties>
  <testcase name="test060" classname="smarthouse.Simulador_ESTest" time="0.006">
    <system-out><![CDATA[O modo do dispositivo que escolher sera trocado


+--------------------------------------------------+
| -> Escolhe o id do dispositivo que queres        |
+--------------------------------------------------+

Insere aqui a tua resposta:


+--------------------------------------------------+
| -> Id nao existente                              |
+--------------------------------------------------+

]]></system-out>
  </testcase>
  <testcase name="test061" classname="smarthouse.Simulador_ESTest" time="0.004">
    <system-out><![CDATA[

+--------------------------------------------------+
| 1. Listar casas                                  |
|                                                  |
| 2. Gerir uma casa                                |
| 3. Gerir uma casa                                |
+--------------------------------------------------+

Insere aqui a tua resposta: 


+--------------------------------------------------+
| -> Nao existem casas                             |
+--------------------------------------------------+

]]></system-out>
  </testcase>
  <testcase name="test062" classname="smarthouse.Simulador_ESTest" time="0.002">
    <system-out><![CDATA[

+--------------------------------------------------+
| 1. Listar casas                                  |
|                                                  |
| 2. Criar casas                                   |
|                                                  |
| 3. Gerir uma casa                                |
+--------------------------------------------------+

Insere aqui a tua resposta: 
]]></system-out>
  </testcase>
  <testcase name="test063" classname="smarthouse.Simulador_ESTest" time="0.013">
    <system-out><![CDATA[

+--------------------------------------------------+
| 1. Listar casas                                  |
|                                                  |
| 2. Criar casas                                   |
|                                                  |
| 3. Gerir uma casa                                |
+--------------------------------------------------+

Insere aqui a tua resposta: 
]]></system-out>
  </testcase>
  <testcase name="test064" classname="smarthouse.Simulador_ESTest" time="0.003">
    <system-out><![CDATA[

+--------------------------------------------------+
| 1. Listar casas                                  |
|                                                  |
| 2. Gerir uma casa                                |
| 3. Gerir uma casa                                |
+--------------------------------------------------+

Insere aqui a tua resposta: 
]]></system-out>
  </testcase>
  <testcase name="test065" classname="smarthouse.Simulador_ESTest" time="0.004">
    <system-out><![CDATA[null


+--------------------------------------------------------+
| -> Escolha uma opcao                                   |
+--------------------------------------------------------+
|                                                        |
| 1. Listar dispositivos da casa                         |
|                                                        |
| 2. Mudar comercializador da casa                       |
|                                                        |
| 3. Ligar/Desligar um dispositivo especifico da casa    |
|                                                        |
| 4. Ligar todos os dispositivos de uma divisao          |
|                                                        |
| 5. Desligar todos os dispositivos de uma divisao       |
|                                                        |
| 6. Sair                                                |
+--------------------------------------------------------+

Insere aqui a tua resposta: 


+--------------------------------------------------+
| -> Comercializadores existentes:                 |
+--------------------------------------------------+
| -> Escreve o nome do comercializador que queres  |
+--------------------------------------------------+

Insere aqui a tua resposta: 
]]></system-out>
  </testcase>
  <testcase name="test066" classname="smarthouse.Simulador_ESTest" time="0.005">
    <system-out><![CDATA[null


+--------------------------------------------------+
| -> Escolha uma opcao                             |
+--------------------------------------------------+
|                                                  |
| 1. Mudar comercializador da casa                 |
|                                                  |
| 2. Adicionar dispositivo a casa                  |
|                                                  |
| 3. Adicionar divisao a casa                      |
|                                                  |
| 4. Sair                                          |
+--------------------------------------------------+

Insere aqui a tua resposta: 
]]></system-out>
  </testcase>
  <testcase name="test067" classname="smarthouse.Simulador_ESTest" time="0.007">
    <system-out><![CDATA[null


+--------------------------------------------------+
| -> Escolha uma opcao                             |
+--------------------------------------------------+
|                                                  |
| 1. Mudar comercializador da casa                 |
|                                                  |
| 2. Adicionar dispositivo a casa                  |
|                                                  |
| 3. Adicionar divisao a casa                      |
|                                                  |
| 4. Sair                                          |
+--------------------------------------------------+

Insere aqui a tua resposta: 


+--------------------------------------------------+
| -> Escreva o nome da divisao        |
+--------------------------------------------------+

Insere aqui a tua resposta: 
]]></system-out>
  </testcase>
  <testcase name="test100" classname="smarthouse.Simulador_ESTest" time="0.002"/>
  <testcase name="test057" classname="smarthouse.Simulador_ESTest" time="0.004">
    <system-out><![CDATA[

+--------------------------------------------------+
| -> Escreva o nome da divisao        |
+--------------------------------------------------+

Insere aqui a tua resposta: 
+--------------------------------------------------+
| -> Divisao adicionada                            |
+--------------------------------------------------+

]]></system-out>
  </testcase>
  <testcase name="test058" classname="smarthouse.Simulador_ESTest" time="0.003">
    <system-out><![CDATA[

+--------------------------------------------------+
| -> Escreva o nome da divisao        |
+--------------------------------------------------+

Insere aqui a tua resposta: 
+--------------------------------------------------+
| -> Divisao adicionada                            |
+--------------------------------------------------+

]]></system-out>
  </testcase>
  <testcase name="test059" classname="smarthouse.Simulador_ESTest" time="0.003">
    <system-out><![CDATA[

+--------------------------------------------------+
| -> Casa nao tem divisoes                         |
+--------------------------------------------------+

]]></system-out>
  </testcase>
  <testcase name="test070" classname="smarthouse.Simulador_ESTest" time="0.003">
    <system-out><![CDATA[

+--------------------------------------------------+
| -> Comercializadores existentes:                 |
+--------------------------------------------------+
| -> Escreve o nome do comercializador que queres  |
+--------------------------------------------------+

Insere aqui a tua resposta: 
+--------------------------------------------------+
| -> Nome de Comercializador nao existente         |
+--------------------------------------------------+

]]></system-out>
  </testcase>
  <testcase name="test071" classname="smarthouse.Simulador_ESTest" time="0.004">
    <system-out><![CDATA[

+--------------------------------------------------+
| 1. Criar SmartBulb                               |
|                                                  |
| 2. Criar SmartSpeaker                            |
|                                                  |
| 3. Criar SmartCamera                             |
+--------------------------------------------------+

Insere aqui a tua resposta: 


+-------------------------------------------------------------+
| -> Escreve no formato Modo,Largura,Altura,TamanhoFicheiro   |
| -> Exemplo: ON,1920,1080,50                                 |
+-------------------------------------------------------------+

Insere aqui a tua resposta: 
]]></system-out>
  </testcase>
  <testcase name="test072" classname="smarthouse.Simulador_ESTest" time="0.003">
    <system-out><![CDATA[

+--------------------------------------------------+
| 1. Criar SmartBulb                               |
|                                                  |
| 2. Criar SmartSpeaker                            |
|                                                  |
| 3. Criar SmartCamera                             |
+--------------------------------------------------+

Insere aqui a tua resposta: 


+--------------------------------------------------+
| -> Escreve no formato Modo,Volume,Marca,Radio    |
| -> Exemplo: ON,73,JBL,MEGAHITS				   |
Insere aqui a tua resposta: 
]]></system-out>
  </testcase>
  <testcase name="test073" classname="smarthouse.Simulador_ESTest" time="0.004">
    <system-out><![CDATA[

+--------------------------------------------------+
| 1. Criar SmartBulb                               |
|                                                  |
| 2. Criar SmartSpeaker                            |
|                                                  |
| 3. Criar SmartCamera                             |
+--------------------------------------------------+

Insere aqui a tua resposta: 


+--------------------------------------------------+
| -> Opcao invalida, saindo                        |
+--------------------------------------------------+

]]></system-out>
  </testcase>
  <testcase name="test074" classname="smarthouse.Simulador_ESTest" time="0.01">
    <system-out><![CDATA[

+--------------------------------------------------+
| -> Ainda nao existem comercializadores           |
| -> Crie comercializadores para poder criar casa  |
+--------------------------------------------------+

]]></system-out>
  </testcase>
  <testcase name="test075" classname="smarthouse.Simulador_ESTest" time="0.003">
    <system-out><![CDATA[Lampada, id: , OFF, Tone: -350, Tamanho: 0.00
]]></system-out>
  </testcase>
  <testcase name="test076" classname="smarthouse.Simulador_ESTest" time="0.002"/>
  <testcase name="test077" classname="smarthouse.Simulador_ESTest" time="0.004">
    <system-out><![CDATA[B2 o8'@ (CustoKwh: 0.0500, Fator Impostos: 1.1000)
]]></system-out>
  </testcase>
  <testcase name="test110" classname="smarthouse.Simulador_ESTest" time="0.006"/>
  <testcase name="test078" classname="smarthouse.Simulador_ESTest" time="0.002">
    <system-out><![CDATA[+--------------------------------------------------+
| 1. Listar comercializadores                      |
|                                                  |
| 2. Mudar valores de um comercializador           |
+--------------------------------------------------+

Insere aqui a tua resposta: 
]]></system-out>
  </testcase>
  <testcase name="test111" classname="smarthouse.Simulador_ESTest" time="0.002"/>
  <testcase name="test068" classname="smarthouse.Simulador_ESTest" time="0.003">
    <system-out><![CDATA[

+--------------------------------------------------+
| -> Comercializadores existentes:                 |
+--------------------------------------------------+
| -> Escreve o nome do comercializador que queres  |
+--------------------------------------------------+

Insere aqui a tua resposta: 
+--------------------------------------------------+
| -> Nome de Comercializador nao existente         |
+--------------------------------------------------+

]]></system-out>
  </testcase>
  <testcase name="test101" classname="smarthouse.Simulador_ESTest" time="0.021"/>
  <testcase name="test069" classname="smarthouse.Simulador_ESTest" time="0.003">
    <system-out><![CDATA[

+--------------------------------------------------+
| -> Nao existem casas                             |
+--------------------------------------------------+

]]></system-out>
  </testcase>
  <testcase name="test102" classname="smarthouse.Simulador_ESTest" time="0.003"/>
  <testcase name="test103" classname="smarthouse.Simulador_ESTest" time="0.002"/>
  <testcase name="test104" classname="smarthouse.Simulador_ESTest" time="0.068">
    <system-out><![CDATA[

+---------------------------------------------------------------------------------------+
| -> Escreve o novo comercializador no formato Nome, CustoDiarioKwh, FatorImpostos      |
+---------------------------------------------------------------------------------------+

Insere aqui a tua resposta: 
]]></system-out>
  </testcase>
  <testcase name="test105" classname="smarthouse.Simulador_ESTest" time="0.002"/>
  <testcase name="test106" classname="smarthouse.Simulador_ESTest" time="0.001"/>
  <testcase name="test107" classname="smarthouse.Simulador_ESTest" time="0.002"/>
  <testcase name="test108" classname="smarthouse.Simulador_ESTest" time="0.001"/>
  <testcase name="test109" classname="smarthouse.Simulador_ESTest" time="0.002"/>
  <testcase name="test080" classname="smarthouse.Simulador_ESTest" time="0.002">
    <system-out><![CDATA[

+--------------------------------------------------+
| 1. Listar comercializadores                      |
|                                                  |
| 2. Criar comercializador                         |
+--------------------------------------------------+

Insere aqui a tua resposta: 
]]></system-out>
  </testcase>
  <testcase name="test081" classname="smarthouse.Simulador_ESTest" time="0.003">
    <system-out><![CDATA[+--------------------------------------------------+
| 1. Listar comercializadores                      |
|                                                  |
| 2. Mudar valores de um comercializador           |
+--------------------------------------------------+

Insere aqui a tua resposta: 
]]></system-out>
  </testcase>
  <testcase name="test082" classname="smarthouse.Simulador_ESTest" time="0.003">
    <system-out><![CDATA[

+--------------------------------------------------+
| 1. Gerir Comercializadores                       |
|                                                  |
| 2. Gerir Casas Inteligentes                      |
|                                                  |
| 3. Listar Dispositivos                           |
|                                                  |
| 4. Sair                                          |
+--------------------------------------------------+

Insere aqui a tua resposta: 
]]></system-out>
  </testcase>
  <testcase name="test083" classname="smarthouse.Simulador_ESTest" time="0.005">
    <system-out><![CDATA[

+--------------------------------------------------+
| 1. Gerir Comercializadores                       |
|                                                  |
| 2. Gerir Casas Inteligentes                      |
|                                                  |
| 3. Listar Dispositivos                           |
|                                                  |
| 4. Sair                                          |
+--------------------------------------------------+

Insere aqui a tua resposta: 


+--------------------------------------------------+
| 1. Listar casas                                  |
|                                                  |
| 2. Criar casas                                   |
|                                                  |
| 3. Gerir uma casa                                |
+--------------------------------------------------+

Insere aqui a tua resposta: 
]]></system-out>
  </testcase>
  <testcase name="test084" classname="smarthouse.Simulador_ESTest" time="0.004">
    <system-out><![CDATA[

+--------------------------------------------------+
| 1. Gerir Comercializadores                       |
|                                                  |
| 2. Gerir Casas Inteligentes                      |
|                                                  |
| 3. Listar Dispositivos                           |
|                                                  |
| 4. Sair                                          |
+--------------------------------------------------+

Insere aqui a tua resposta: 


+--------------------------------------------------+
| 1. Listar comercializadores                      |
|                                                  |
| 2. Criar comercializador                         |
+--------------------------------------------------+

Insere aqui a tua resposta: 
]]></system-out>
  </testcase>
  <testcase name="test085" classname="smarthouse.Simulador_ESTest" time="0.004">
    <system-out><![CDATA[

+--------------------------------------------------+
| 1. Avancar X dias                                |
|                                                  |
| 2. Avancar para a data X                         |
+--------------------------------------------------+

Insere aqui a tua resposta: 
+--------------------------------------------------+
| -> Data atual: 2023-05-16                        |
+--------------------------------------------------+
| Escreve a nova data no formato AA-MM-DD          |
+--------------------------------------------------+

Insere aqui a tua resposta: 
]]></system-out>
  </testcase>
  <testcase name="test086" classname="smarthouse.Simulador_ESTest" time="0.003">
    <system-out><![CDATA[

+--------------------------------------------------+
| 1. Avancar X dias                                |
|                                                  |
| 2. Avancar para a data X                         |
+--------------------------------------------------+

Insere aqui a tua resposta: 


+--------------------------------------------------+
| -> Quantos dias queres avancar?                  |
+--------------------------------------------------+

Insere aqui a tua resposta: 
]]></system-out>
  </testcase>
  <testcase name="test087" classname="smarthouse.Simulador_ESTest" time="0.003">
    <system-out><![CDATA[

+--------------------------------------------------+
| 1. Avancar X dias                                |
|                                                  |
| 2. Avancar para a data X                         |
+--------------------------------------------------+

Insere aqui a tua resposta: 
]]></system-out>
  </testcase>
  <testcase name="test000" classname="smarthouse.Simulador_ESTest" time="0.002"/>
  <testcase name="test088" classname="smarthouse.Simulador_ESTest" time="0.002">
    <system-out><![CDATA[+--------------------------------------------------+
| -> Data atual: 2014-02-14                        |
+--------------------------------------------------+
|                                                  |
| -> Escolhe uma opcao                             |
|                                                  |
| 1. Avancar no tempo                              |
|                                                  |
| 2. Gerir entidades                               |
|                                                  |
| 3. Estatisticas                                  |
|                                                  |
| 4. Gravar estado atual em ficheiro               |
|                                                  |
| 5. Acabar Programa                               |
+--------------------------------------------------+

Insere aqui a tua resposta: 


+--------------------------------------------------------------+
| -> Estatisticas:                                             |
+--------------------------------------------------------------+
| 1. Qual e a casa que mais gastou no ultimo periodo           |
|                                                              |
|2. Qual o comercializador com maior volume de faturacao       |
|                                                              |
|3. Listar as faturas emitidas por um comercializador          |
|                                                              |
|4. Ordenacao dos maior consumidores de energia num periodo    |
+--------------------------------------------------------------+

Insere aqui a tua resposta: 
]]></system-out>
  </testcase>
  <testcase name="test001" classname="smarthouse.Simulador_ESTest" time="0.002">
    <system-out><![CDATA[

+---------------------------------------------------------------------------------------+
| -> Escreve o novo comercializador no formato Nome, CustoDiarioKwh, FatorImpostos      |
+---------------------------------------------------------------------------------------+

Insere aqui a tua resposta: 
]]></system-out>
  </testcase>
  <testcase name="test089" classname="smarthouse.Simulador_ESTest" time="0.004">
    <system-out><![CDATA[+--------------------------------------------------+
| -> Data atual: 2014-02-14                        |
+--------------------------------------------------+
|                                                  |
| -> Escolhe uma opcao                             |
|                                                  |
| 1. Avancar no tempo                              |
|                                                  |
| 2. Gerir entidades                               |
|                                                  |
| 3. Estatisticas                                  |
|                                                  |
| 4. Gravar estado atual em ficheiro               |
|                                                  |
| 5. Acabar Programa                               |
+--------------------------------------------------+

Insere aqui a tua resposta: 


+--------------------------------------------------+
| 1. Avancar X dias                                |
|                                                  |
| 2. Avancar para a data X                         |
+--------------------------------------------------+

Insere aqui a tua resposta: 
]]></system-out>
  </testcase>
  <testcase name="test079" classname="smarthouse.Simulador_ESTest" time="0.002">
    <system-out><![CDATA[

+--------------------------------------------------+
| 1. Listar comercializadores                      |
|                                                  |
| 2. Criar comercializador                         |
+--------------------------------------------------+

Insere aqui a tua resposta: 
]]></system-out>
  </testcase>
  <testcase name="test090" classname="smarthouse.Simulador_ESTest" time="0.003">
    <system-out><![CDATA[+--------------------------------------------------+
| -> Data atual: 2023-05-16                        |
+--------------------------------------------------+
|                                                  |
| -> Escolhe uma opcao                             |
|                                                  |
| 1. Avancar no tempo                              |
|                                                  |
| 2. Gerir entidades                               |
|                                                  |
| 3. Estatisticas                                  |
|                                                  |
| 4. Gravar estado atual em ficheiro               |
|                                                  |
| 5. Acabar Programa                               |
+--------------------------------------------------+

Insere aqui a tua resposta: 
+--------------------------------------------------+
| -> Data atual: 2023-05-16                        |
+--------------------------------------------------+
|                                                  |
| -> Escolhe uma opcao                             |
|                                                  |
| 1. Avancar no tempo                              |
|                                                  |
| 2. Gerir entidades                               |
|                                                  |
| 3. Estatisticas                                  |
|                                                  |
| 4. Gravar estado atual em ficheiro               |
|                                                  |
| 5. Acabar Programa                               |
+--------------------------------------------------+

Insere aqui a tua resposta: 
]]></system-out>
  </testcase>
  <testcase name="test091" classname="smarthouse.Simulador_ESTest" time="0.002">
    <system-out><![CDATA[

+--------------------------------------------------+
| 1. Gerir Comercializadores                       |
|                                                  |
| 2. Gerir Casas Inteligentes                      |
|                                                  |
| 3. Listar Dispositivos                           |
|                                                  |
| 4. Sair                                          |
+--------------------------------------------------+

Insere aqui a tua resposta: 


+--------------------------------------------------+
| 1. Gerir Comercializadores                       |
|                                                  |
| 2. Gerir Casas Inteligentes                      |
|                                                  |
| 3. Listar Dispositivos                           |
|                                                  |
| 4. Sair                                          |
+--------------------------------------------------+

Insere aqui a tua resposta: 
]]></system-out>
  </testcase>
  <testcase name="test092" classname="smarthouse.Simulador_ESTest" time="0.008"/>
  <testcase name="test093" classname="smarthouse.Simulador_ESTest" time="0.013">
    <system-out><![CDATA[

+--------------------------------------------------+
]]></system-out>
  </testcase>
  <testcase name="test094" classname="smarthouse.Simulador_ESTest" time="0.004">
    <system-out><![CDATA[
+--------------------------------------------------+
| -> Ficheiro nao existe                           |
]]></system-out>
  </testcase>
  <testcase name="test095" classname="smarthouse.Simulador_ESTest" time="0.003">
    <system-out><![CDATA[
+--------------------------------------------------+
| -> Ficheiro nao existe                           |
]]></system-out>
  </testcase>
  <testcase name="test096" classname="smarthouse.Simulador_ESTest" time="0.002"/>
  <testcase name="test097" classname="smarthouse.Simulador_ESTest" time="0.001"/>
  <testcase name="test010" classname="smarthouse.Simulador_ESTest" time="0.002">
    <system-out><![CDATA[+--------------------------------------------------+
| -> Data atual: 2014-02-14                        |
+--------------------------------------------------+
|                                                  |
| -> Escolhe uma opcao                             |
|                                                  |
| 1. Avancar no tempo                              |
|                                                  |
| 2. Gerir entidades                               |
|                                                  |
| 3. Estatisticas                                  |
|                                                  |
| 4. Gravar estado atual em ficheiro               |
|                                                  |
| 5. Acabar Programa                               |
+--------------------------------------------------+

Insere aqui a tua resposta: 
]]></system-out>
  </testcase>
  <testcase name="test098" classname="smarthouse.Simulador_ESTest" time="0.003"/>
  <testcase name="test011" classname="smarthouse.Simulador_ESTest" time="0.008">
    <system-out><![CDATA[+--------------------------------------------------+
| -> Data atual: 2023-05-16                        |
+--------------------------------------------------+
|                                                  |
| -> Escolhe uma opcao                             |
|                                                  |
| 1. Avancar no tempo                              |
|                                                  |
| 2. Gerir entidades                               |
|                                                  |
| 3. Estatisticas                                  |
|                                                  |
| 4. Gravar estado atual em ficheiro               |
|                                                  |
| 5. Acabar Programa                               |
+--------------------------------------------------+

Insere aqui a tua resposta: 
]]></system-out>
  </testcase>
  <testcase name="test099" classname="smarthouse.Simulador_ESTest" time="0.004"/>
  <testcase name="test012" classname="smarthouse.Simulador_ESTest" time="0.003"/>
  <testcase name="test004" classname="smarthouse.Simulador_ESTest" time="0.002"/>
  <testcase name="test005" classname="smarthouse.Simulador_ESTest" time="0.002"/>
  <testcase name="test006" classname="smarthouse.Simulador_ESTest" time="0.008"/>
  <testcase name="test007" classname="smarthouse.Simulador_ESTest" time="0.036"/>
  <testcase name="test008" classname="smarthouse.Simulador_ESTest" time="0.001"/>
  <testcase name="test009" classname="smarthouse.Simulador_ESTest" time="0.005">
    <system-out><![CDATA[+--------------------------------------------------+
| -> Data atual: 2023-05-16                        |
+--------------------------------------------------+
|                                                  |
| -> Escolhe uma opcao                             |
|                                                  |
| 1. Avancar no tempo                              |
|                                                  |
| 2. Gerir entidades                               |
|                                                  |
| 3. Estatisticas                                  |
|                                                  |
| 4. Gravar estado atual em ficheiro               |
|                                                  |
| 5. Acabar Programa                               |
+--------------------------------------------------+

Insere aqui a tua resposta: 
]]></system-out>
  </testcase>
  <testcase name="test020" classname="smarthouse.Simulador_ESTest" time="0.002"/>
  <testcase name="test021" classname="smarthouse.Simulador_ESTest" time="0.003">
    <system-out><![CDATA[O modo do dispositivo que escolher sera trocado


+--------------------------------------------------+
| -> Escolhe o id do dispositivo que queres        |
+--------------------------------------------------+

Insere aqui a tua resposta:
]]></system-out>
  </testcase>
  <testcase name="test022" classname="smarthouse.Simulador_ESTest" time="0.002">
    <system-out><![CDATA[O modo do dispositivo que escolher sera trocado


+--------------------------------------------------+
| -> Escolhe o id do dispositivo que queres        |
+--------------------------------------------------+

Insere aqui a tua resposta:
]]></system-out>
  </testcase>
  <testcase name="test013" classname="smarthouse.Simulador_ESTest" time="0.001"/>
  <testcase name="test014" classname="smarthouse.Simulador_ESTest" time="0.002"/>
  <testcase name="test015" classname="smarthouse.Simulador_ESTest" time="0.002">
    <system-out><![CDATA[null


+--------------------------------------------------------+
| -> Escolha uma opcao                                   |
+--------------------------------------------------------+
|                                                        |
| 1. Listar dispositivos da casa                         |
|                                                        |
| 2. Mudar comercializador da casa                       |
|                                                        |
| 3. Ligar/Desligar um dispositivo especifico da casa    |
|                                                        |
| 4. Ligar todos os dispositivos de uma divisao          |
|                                                        |
| 5. Desligar todos os dispositivos de uma divisao       |
|                                                        |
| 6. Sair                                                |
+--------------------------------------------------------+

Insere aqui a tua resposta: 


+--------------------------------------------------+
| -> Comercializadores existentes:                 |
+--------------------------------------------------+
| -> Escreve o nome do comercializador que queres  |
+--------------------------------------------------+

Insere aqui a tua resposta: 
]]></system-out>
  </testcase>
  <testcase name="test016" classname="smarthouse.Simulador_ESTest" time="0.002">
    <system-out><![CDATA[

+--------------------------------------------------+
| -> Comercializadores existentes:                 |
+--------------------------------------------------+
| -> Escreve o nome do comercializador que queres  |
+--------------------------------------------------+

Insere aqui a tua resposta: 
]]></system-out>
  </testcase>
  <testcase name="test017" classname="smarthouse.Simulador_ESTest" time="0.002">
    <system-out><![CDATA[

+--------------------------------------------------+
| -> Comercializadores existentes:                 |
+--------------------------------------------------+
| -> Escreve o nome do comercializador que queres  |
+--------------------------------------------------+

Insere aqui a tua resposta: 
]]></system-out>
  </testcase>
  <testcase name="test018" classname="smarthouse.Simulador_ESTest" time="0.003">
    <system-out><![CDATA[

+--------------------------------------------------+
| -> Comercializadores existentes:                 |
+--------------------------------------------------+
| -> Escreve o nome do comercializador que queres  |
+--------------------------------------------------+

Insere aqui a tua resposta: 
]]></system-out>
  </testcase>
  <testcase name="test019" classname="smarthouse.Simulador_ESTest" time="0.015">
    <system-out><![CDATA[

+--------------------------------------------------+
| -> Comercializadores existentes:                 |
+--------------------------------------------------+
| -> Escreve o nome do comercializador que queres  |
+--------------------------------------------------+

Insere aqui a tua resposta: 
]]></system-out>
  </testcase>
  <testcase name="test030" classname="smarthouse.Simulador_ESTest" time="0.014">
    <system-out><![CDATA[

+--------------------------------------------------+
| 1. Listar casas                                  |
|                                                  |
| 2. Criar casas                                   |
|                                                  |
| 3. Gerir uma casa                                |
+--------------------------------------------------+

Insere aqui a tua resposta: 
]]></system-out>
  </testcase>
  <testcase name="test031" classname="smarthouse.Simulador_ESTest" time="0.002">
    <system-out><![CDATA[

+--------------------------------------------------+
| 1. Listar casas                                  |
|                                                  |
| 2. Criar casas                                   |
|                                                  |
| 3. Gerir uma casa                                |
+--------------------------------------------------+

Insere aqui a tua resposta: 
]]></system-out>
  </testcase>
  <testcase name="test032" classname="smarthouse.Simulador_ESTest" time="0.002">
    <system-out><![CDATA[null


+--------------------------------------------------+
| -> Escolha uma opcao                             |
+--------------------------------------------------+
|                                                  |
| 1. Mudar comercializador da casa                 |
|                                                  |
| 2. Adicionar dispositivo a casa                  |
|                                                  |
| 3. Adicionar divisao a casa                      |
|                                                  |
| 4. Sair                                          |
+--------------------------------------------------+

Insere aqui a tua resposta: 
]]></system-out>
  </testcase>
  <testcase name="test033" classname="smarthouse.Simulador_ESTest" time="0.002">
    <system-out><![CDATA[

+--------------------------------------------------+
| 1. Gerir Comercializadores                       |
|                                                  |
| 2. Gerir Casas Inteligentes                      |
|                                                  |
| 3. Listar Dispositivos                           |
|                                                  |
| 4. Sair                                          |
+--------------------------------------------------+

Insere aqui a tua resposta: 
]]></system-out>
  </testcase>
  <testcase name="test034" classname="smarthouse.Simulador_ESTest" time="0.002">
    <system-out><![CDATA[

+--------------------------------------------------+
| 1. Gerir Comercializadores                       |
|                                                  |
| 2. Gerir Casas Inteligentes                      |
|                                                  |
| 3. Listar Dispositivos                           |
|                                                  |
| 4. Sair                                          |
+--------------------------------------------------+

Insere aqui a tua resposta: 
]]></system-out>
  </testcase>
  <testcase name="test024" classname="smarthouse.Simulador_ESTest" time="0.001">
    <system-out><![CDATA[

+--------------------------------------------------+
| 1. Gerir Comercializadores                       |
|                                                  |
| 2. Gerir Casas Inteligentes                      |
|                                                  |
| 3. Listar Dispositivos                           |
|                                                  |
| 4. Sair                                          |
+--------------------------------------------------+

Insere aqui a tua resposta: 
]]></system-out>
  </testcase>
  <testcase name="test025" classname="smarthouse.Simulador_ESTest" time="0.001">
    <system-out><![CDATA[

+--------------------------------------------------+
| 1. Gerir Comercializadores                       |
|                                                  |
| 2. Gerir Casas Inteligentes                      |
|                                                  |
| 3. Listar Dispositivos                           |
|                                                  |
| 4. Sair                                          |
+--------------------------------------------------+

Insere aqui a tua resposta: 
]]></system-out>
  </testcase>
  <testcase name="test026" classname="smarthouse.Simulador_ESTest" time="0.002">
    <system-out><![CDATA[

+--------------------------------------------------+
| 1. Listar comercializadores                      |
|                                                  |
| 2. Criar comercializador                         |
+--------------------------------------------------+

Insere aqui a tua resposta: 
]]></system-out>
  </testcase>
  <testcase name="test027" classname="smarthouse.Simulador_ESTest" time="0.002">
    <system-out><![CDATA[

+--------------------------------------------------+
| 1. Listar comercializadores                      |
|                                                  |
| 2. Criar comercializador                         |
+--------------------------------------------------+

Insere aqui a tua resposta: 
]]></system-out>
  </testcase>
  <testcase name="test028" classname="smarthouse.Simulador_ESTest" time="0.002">
    <system-out><![CDATA[

+--------------------------------------------------+
| 1. Listar casas                                  |
|                                                  |
| 2. Criar casas                                   |
|                                                  |
| 3. Gerir uma casa                                |
+--------------------------------------------------+

Insere aqui a tua resposta: 
]]></system-out>
  </testcase>
  <testcase name="test029" classname="smarthouse.Simulador_ESTest" time="0.004">
    <system-out><![CDATA[

+--------------------------------------------------+
| 1. Listar casas                                  |
|                                                  |
| 2. Criar casas                                   |
|                                                  |
| 3. Gerir uma casa                                |
+--------------------------------------------------+

Insere aqui a tua resposta: 
]]></system-out>
  </testcase>
  <testcase name="test040" classname="smarthouse.Simulador_ESTest" time="0.009">
    <system-out><![CDATA[

+--------------------------------------------------+
| 1. Avancar X dias                                |
|                                                  |
| 2. Avancar para a data X                         |
+--------------------------------------------------+

Insere aqui a tua resposta: 
]]></system-out>
  </testcase>
  <testcase name="test041" classname="smarthouse.Simulador_ESTest" time="0.002">
    <system-out><![CDATA[

+--------------------------------------------------+
| -> Escreva o nome da divisao        |
+--------------------------------------------------+

Insere aqui a tua resposta: 
]]></system-out>
  </testcase>
  <testcase name="test042" classname="smarthouse.Simulador_ESTest" time="0.002">
    <system-out><![CDATA[

+--------------------------------------------------+
| -> Escreva o nome da divisao        |
+--------------------------------------------------+

Insere aqui a tua resposta: 
]]></system-out>
  </testcase>
  <testcase name="test043" classname="smarthouse.Simulador_ESTest" time="0.002">
    <system-out><![CDATA[

+--------------------------------------------------+
| -> Escreva o nome da divisao        |
+--------------------------------------------------+

Insere aqui a tua resposta: 
]]></system-out>
  </testcase>
  <testcase name="test044" classname="smarthouse.Simulador_ESTest" time="0.003"/>
  <testcase name="test045" classname="smarthouse.Simulador_ESTest" time="0.001"/>
  <testcase name="test035" classname="smarthouse.Simulador_ESTest" time="0.001">
    <system-out><![CDATA[

+--------------------------------------------------+
| 1. Criar SmartBulb                               |
|                                                  |
| 2. Criar SmartSpeaker                            |
|                                                  |
| 3. Criar SmartCamera                             |
+--------------------------------------------------+

Insere aqui a tua resposta: 
]]></system-out>
  </testcase>
  <testcase name="test036" classname="smarthouse.Simulador_ESTest" time="0.008">
    <system-out><![CDATA[

+---------------------------------------------------------------------------------------+
| -> Escreve o novo comercializador no formato Nome, CustoDiarioKwh, FatorImpostos      |
+---------------------------------------------------------------------------------------+

Insere aqui a tua resposta: 
]]></system-out>
  </testcase>
  <testcase name="test037" classname="smarthouse.Simulador_ESTest" time="0.002">
    <system-out><![CDATA[

+---------------------------------------------------------------------------------------+
| -> Escreve o novo comercializador no formato Nome, CustoDiarioKwh, FatorImpostos      |
+---------------------------------------------------------------------------------------+

Insere aqui a tua resposta: 
]]></system-out>
  </testcase>
  <testcase name="test038" classname="smarthouse.Simulador_ESTest" time="0.003">
    <system-out><![CDATA[

+---------------------------------------------------------------------------------------+
| -> Escreve o novo comercializador no formato Nome, CustoDiarioKwh, FatorImpostos      |
+---------------------------------------------------------------------------------------+

Insere aqui a tua resposta: 
]]></system-out>
  </testcase>
  <testcase name="test039" classname="smarthouse.Simulador_ESTest" time="0.004"/>
  <testcase name="test050" classname="smarthouse.Simulador_ESTest" time="0.001"/>
  <testcase name="test051" classname="smarthouse.Simulador_ESTest" time="0.003"/>
  <testcase name="test052" classname="smarthouse.Simulador_ESTest" time="0.002"/>
  <testcase name="test053" classname="smarthouse.Simulador_ESTest" time="0.002">
    <system-out><![CDATA[[]
]]></system-out>
  </testcase>
  <testcase name="test054" classname="smarthouse.Simulador_ESTest" time="0.001"/>
  <testcase name="test046" classname="smarthouse.Simulador_ESTest" time="0.014"/>
  <testcase name="test047" classname="smarthouse.Simulador_ESTest" time="0.002"/>
  <testcase name="test048" classname="smarthouse.Simulador_ESTest" time="0.001"/>
  <testcase name="test049" classname="smarthouse.Simulador_ESTest" time="0.002"/>
</testsuite>