<?xml version="1.0" encoding="UTF-8"?>
<testsuite xmlns:xsi="http://www.w3.org/2001/XMLSchema-instance" xsi:noNamespaceSchemaLocation="https://maven.apache.org/surefire/maven-surefire-plugin/xsd/surefire-test-report-3.0.xsd" version="3.0" name="main.java.Simulador_ESTest" time="0.594" tests="88" errors="0" skipped="0" failures="0">
  <properties>
[...]
</properties>
  <testcase name="test19" classname="main.java.Simulador_ESTest" time="0.005">
    <system-out><![CDATA[

+--------------------------------------------------+
| 1. Gerir Comercializadores                       |
|                                                  |
| 2. Gerir Casas Inteligentes                      |
|                                                  |
| 3. Listar Dispositivos                           |
|                                                  |
| 4. Sair                                          |
+--------------------------------------------------+

Insere aqui a tua resposta: 
]]></system-out>
  </testcase>
  <testcase name="test17" classname="main.java.Simulador_ESTest" time="0.005">
    <system-out><![CDATA[O modo do dispositivo que escolher sera trocado


+--------------------------------------------------+
| -> Escolhe o id do dispositivo que queres        |
+--------------------------------------------------+

Insere aqui a tua resposta:
]]></system-out>
  </testcase>
  <testcase name="test18" classname="main.java.Simulador_ESTest" time="0.002">
    <system-out><![CDATA[O modo do dispositivo que escolher sera trocado


+--------------------------------------------------+
| -> Escolhe o id do dispositivo que queres        |
+--------------------------------------------------+

Insere aqui a tua resposta:
]]></system-out>
  </testcase>
  <testcase name="test15" classname="main.java.Simulador_ESTest" time="0.002">
    <system-out><![CDATA[

+--------------------------------------------------+
| -> Comercializadores existentes:                 |
+--------------------------------------------------+
| -> Escreve o nome do comercializador que queres  |
+--------------------------------------------------+

Insere aqui a tua resposta: 
]]></system-out>
  </testcase>
  <testcase name="test59" classname="main.java.Simulador_ESTest" time="0.002">
    <system-out><![CDATA[

+--------------------------------------------------+
| -> Nao existem casas                             |
+--------------------------------------------------+

]]></system-out>
  </testcase>
  <testcase name="test16" classname="main.java.Simulador_ESTest" time="0.002">
    <system-out><![CDATA[
+--------------------------------------------------+
| -> Divisoes disponiveis                          |
+--------------------------------------------------+
| -> Escreva o nome da divisao que quer            |
+--------------------------------------------------+

Insere aqui a tua resposta: 
+--------------------------------------------------+
| -> Essa Divisao nao existe                       |
+--------------------------------------------------+

O modo do dispositivo que escolher sera trocado


+--------------------------------------------------+
| -> Escolhe o id do dispositivo que queres        |
+--------------------------------------------------+

Insere aqui a tua resposta:
]]></system-out>
  </testcase>
  <testcase name="test13" classname="main.java.Simulador_ESTest" time="0.002">
    <system-out><![CDATA[

+--------------------------------------------------+
| -> Comercializadores existentes:                 |
+--------------------------------------------------+
| -> Escreve o nome do comercializador que queres  |
+--------------------------------------------------+

Insere aqui a tua resposta: 
]]></system-out>
  </testcase>
  <testcase name="test57" classname="main.java.Simulador_ESTest" time="0.002">
    <system-out><![CDATA[Casa de null (nif: 2609, Fornecedor: N/A (CustoKwh: -1.0000, Fator Impostos: -1.0000))


+--------------------------------------------------------+
| -> Escolha uma opcao                                   |
+--------------------------------------------------------+
|                                                        |
| 1. Listar dispositivos da casa                         |
|                                                        |
| 2. Mudar comercializador da casa                       |
|                                                        |
| 3. Ligar/Desligar um dispositivo especifico da casa    |
|                                                        |
| 4. Ligar todos os dispositivos de uma divisao          |
|                                                        |
| 5. Desligar todos os dispositivos de uma divisao       |
|                                                        |
| 6. Sair                                                |
+--------------------------------------------------------+

Insere aqui a tua resposta: 
]]></system-out>
  </testcase>
  <testcase name="test14" classname="main.java.Simulador_ESTest" time="0.002">
    <system-out><![CDATA[

+--------------------------------------------------+
| -> Comercializadores existentes:                 |
+--------------------------------------------------+
| -> Escreve o nome do comercializador que queres  |
+--------------------------------------------------+

Insere aqui a tua resposta: 
]]></system-out>
  </testcase>
  <testcase name="test58" classname="main.java.Simulador_ESTest" time="0.003">
    <system-out><![CDATA[

+--------------------------------------------------+
| -> Comercializadores existentes:                 |
+--------------------------------------------------+
| -> Escreve o nome do comercializador que queres  |
+--------------------------------------------------+

Insere aqui a tua resposta: 
+--------------------------------------------------+
| -> Nome de Comercializador nao existente         |
+--------------------------------------------------+

]]></system-out>
  </testcase>
  <testcase name="test11" classname="main.java.Simulador_ESTest" time="0.002"/>
  <testcase name="test55" classname="main.java.Simulador_ESTest" time="0.002">
    <system-out><![CDATA[

+--------------------------------------------------+
| 1. Listar casas                                  |
|                                                  |
| 2. Gerir uma casa                                |
| 3. Gerir uma casa                                |
+--------------------------------------------------+

Insere aqui a tua resposta: 
]]></system-out>
  </testcase>
  <testcase name="test12" classname="main.java.Simulador_ESTest" time="0.002">
    <system-out><![CDATA[

+--------------------------------------------------+
| -> Comercializadores existentes:                 |
+--------------------------------------------------+
| -> Escreve o nome do comercializador que queres  |
+--------------------------------------------------+

Insere aqui a tua resposta: 
]]></system-out>
  </testcase>
  <testcase name="test56" classname="main.java.Simulador_ESTest" time="0.003">
    <system-out><![CDATA[Casa de | -> Nao conseguiu abrir/escrever ficheiro         | (nif: 2, Fornecedor: 3.!2l}@F (CustoKwh: -6.0000, Fator Impostos: 2.0000))


+--------------------------------------------------+
| -> Escolha uma opcao                             |
+--------------------------------------------------+
|                                                  |
| 1. Mudar comercializador da casa                 |
|                                                  |
| 2. Adicionar dispositivo a casa                  |
|                                                  |
| 3. Adicionar divisao a casa                      |
|                                                  |
| 4. Sair                                          |
+--------------------------------------------------+

Insere aqui a tua resposta: 
]]></system-out>
  </testcase>
  <testcase name="test53" classname="main.java.Simulador_ESTest" time="0.003">
    <system-out><![CDATA[

+--------------------------------------------------+
| 1. Listar casas                                  |
|                                                  |
| 2. Criar casas                                   |
|                                                  |
| 3. Gerir uma casa                                |
+--------------------------------------------------+

Insere aqui a tua resposta: 
]]></system-out>
  </testcase>
  <testcase name="test10" classname="main.java.Simulador_ESTest" time="0.006"/>
  <testcase name="test54" classname="main.java.Simulador_ESTest" time="0.002">
    <system-out><![CDATA[

+--------------------------------------------------+
| 1. Listar casas                                  |
|                                                  |
| 2. Criar casas                                   |
|                                                  |
| 3. Gerir uma casa                                |
+--------------------------------------------------+

Insere aqui a tua resposta: 
]]></system-out>
  </testcase>
  <testcase name="test51" classname="main.java.Simulador_ESTest" time="0.001">
    <system-out><![CDATA[

+--------------------------------------------------+
| -> Casa nao tem divisoes                         |
+--------------------------------------------------+

]]></system-out>
  </testcase>
  <testcase name="test52" classname="main.java.Simulador_ESTest" time="0.001">
    <system-out><![CDATA[

+--------------------------------------------------+
| 1. Listar casas                                  |
|                                                  |
| 2. Criar casas                                   |
|                                                  |
| 3. Gerir uma casa                                |
+--------------------------------------------------+

Insere aqui a tua resposta: 
]]></system-out>
  </testcase>
  <testcase name="test50" classname="main.java.Simulador_ESTest" time="0.002">
    <system-out><![CDATA[

+--------------------------------------------------+
| -> Escreva o nome da divisao        |
+--------------------------------------------------+

Insere aqui a tua resposta: 
+--------------------------------------------------+
| -> Divisao adicionada                            |
+--------------------------------------------------+

]]></system-out>
  </testcase>
  <testcase name="test08" classname="main.java.Simulador_ESTest" time="0.002">
    <system-out><![CDATA[+--------------------------------------------------+
| -> Data atual: 2014-02-14                        |
+--------------------------------------------------+
|                                                  |
| -> Escolhe uma opcao                             |
|                                                  |
| 1. Avancar no tempo                              |
|                                                  |
| 2. Gerir entidades                               |
|                                                  |
| 3. Estatisticas                                  |
|                                                  |
| 4. Gravar estado atual em ficheiro               |
|                                                  |
| 5. Acabar Programa                               |
+--------------------------------------------------+

Insere aqui a tua resposta: 
]]></system-out>
  </testcase>
  <testcase name="test09" classname="main.java.Simulador_ESTest" time="0.003"/>
  <testcase name="test06" classname="main.java.Simulador_ESTest" time="0.003"/>
  <testcase name="test07" classname="main.java.Simulador_ESTest" time="0.003"/>
  <testcase name="test04" classname="main.java.Simulador_ESTest" time="0.002"/>
  <testcase name="test48" classname="main.java.Simulador_ESTest" time="0.018"/>
  <testcase name="test05" classname="main.java.Simulador_ESTest" time="0.009"/>
  <testcase name="test49" classname="main.java.Simulador_ESTest" time="0.003">
    <system-out><![CDATA[

+--------------------------------------------------+
| -> Escreva o nome da divisao        |
+--------------------------------------------------+

Insere aqui a tua resposta: 
+--------------------------------------------------+
| -> Divisao adicionada                            |
+--------------------------------------------------+

Casa de null (nif: 2609, Fornecedor: N/A (CustoKwh: -1.0000, Fator Impostos: -1.0000))


+--------------------------------------------------------+
| -> Escolha uma opcao                                   |
+--------------------------------------------------------+
|                                                        |
| 1. Listar dispositivos da casa                         |
|                                                        |
| 2. Mudar comercializador da casa                       |
|                                                        |
| 3. Ligar/Desligar um dispositivo especifico da casa    |
|                                                        |
| 4. Ligar todos os dispositivos de uma divisao          |
|                                                        |
| 5. Desligar todos os dispositivos de uma divisao       |
|                                                        |
| 6. Sair                                                |
+--------------------------------------------------------+

Insere aqui a tua resposta: 
]]></system-out>
  </testcase>
  <testcase name="test02" classname="main.java.Simulador_ESTest" time="0.008">
    <system-out><![CDATA[

+--------------------------------------------------+
| -> Nao conseguiu abrir/escrever ficheiro         |
+--------------------------------------------------+
]]></system-out>
  </testcase>
  <testcase name="test46" classname="main.java.Simulador_ESTest" time="0.003"/>
  <testcase name="test03" classname="main.java.Simulador_ESTest" time="0.024">
    <system-out><![CDATA[
+--------------------------------------------------+
| -> Ficheiro nao existe                           |
]]></system-out>
  </testcase>
  <testcase name="test47" classname="main.java.Simulador_ESTest" time="0.003"/>
  <testcase name="test00" classname="main.java.Simulador_ESTest" time="0.004"/>
  <testcase name="test44" classname="main.java.Simulador_ESTest" time="0.003"/>
  <testcase name="test01" classname="main.java.Simulador_ESTest" time="0.003"/>
  <testcase name="test45" classname="main.java.Simulador_ESTest" time="0.002"/>
  <testcase name="test42" classname="main.java.Simulador_ESTest" time="0.002"/>
  <testcase name="test86" classname="main.java.Simulador_ESTest" time="0.003"/>
  <testcase name="test43" classname="main.java.Simulador_ESTest" time="0.002"/>
  <testcase name="test87" classname="main.java.Simulador_ESTest" time="0.002"/>
  <testcase name="test40" classname="main.java.Simulador_ESTest" time="0.002"/>
  <testcase name="test84" classname="main.java.Simulador_ESTest" time="0.008"/>
  <testcase name="test41" classname="main.java.Simulador_ESTest" time="0.003"/>
  <testcase name="test85" classname="main.java.Simulador_ESTest" time="0.003"/>
  <testcase name="test82" classname="main.java.Simulador_ESTest" time="0.013"/>
  <testcase name="test83" classname="main.java.Simulador_ESTest" time="0.003"/>
  <testcase name="test80" classname="main.java.Simulador_ESTest" time="0.002"/>
  <testcase name="test81" classname="main.java.Simulador_ESTest" time="0.002"/>
  <testcase name="test39" classname="main.java.Simulador_ESTest" time="0.002"/>
  <testcase name="test37" classname="main.java.Simulador_ESTest" time="0.003">
    <system-out><![CDATA[O modo do dispositivo que escolher sera trocado


+--------------------------------------------------+
| -> Escolhe o id do dispositivo que queres        |
+--------------------------------------------------+

Insere aqui a tua resposta:


+--------------------------------------------------+
| -> Id nao existente                              |
+--------------------------------------------------+



+--------------------------------------------------+
| -> Escreva o nome da divisao        |
+--------------------------------------------------+

Insere aqui a tua resposta: 
]]></system-out>
  </testcase>
  <testcase name="test38" classname="main.java.Simulador_ESTest" time="0.002">
    <system-out><![CDATA[

+--------------------------------------------------+
| -> Escreva o nome da divisao        |
+--------------------------------------------------+

Insere aqui a tua resposta: 
]]></system-out>
  </testcase>
  <testcase name="test35" classname="main.java.Simulador_ESTest" time="0.025">
    <system-out><![CDATA[

+--------------------------------------------------+
| 1. Avancar X dias                                |
|                                                  |
| 2. Avancar para a data X                         |
+--------------------------------------------------+

Insere aqui a tua resposta: 
]]></system-out>
  </testcase>
  <testcase name="test79" classname="main.java.Simulador_ESTest" time="0.004"/>
  <testcase name="test36" classname="main.java.Simulador_ESTest" time="0.003">
    <system-out><![CDATA[

+--------------------------------------------------+
| 1. Avancar X dias                                |
|                                                  |
| 2. Avancar para a data X                         |
+--------------------------------------------------+

Insere aqui a tua resposta: 
]]></system-out>
  </testcase>
  <testcase name="test33" classname="main.java.Simulador_ESTest" time="0.004"/>
  <testcase name="test77" classname="main.java.Simulador_ESTest" time="0.004"/>
  <testcase name="test34" classname="main.java.Simulador_ESTest" time="0.002"/>
  <testcase name="test78" classname="main.java.Simulador_ESTest" time="0.002"/>
  <testcase name="test31" classname="main.java.Simulador_ESTest" time="0.002">
    <system-out><![CDATA[

+---------------------------------------------------------------------------------------+
| -> Escreve o novo comercializador no formato Nome, CustoDiarioKwh, FatorImpostos      |
+---------------------------------------------------------------------------------------+

Insere aqui a tua resposta: 
]]></system-out>
  </testcase>
  <testcase name="test75" classname="main.java.Simulador_ESTest" time="0.004">
    <system-out><![CDATA[

+---------------------------------------------------------------------------------------+
| -> Escreve o novo comercializador no formato Nome, CustoDiarioKwh, FatorImpostos      |
+---------------------------------------------------------------------------------------+

Insere aqui a tua resposta: 
]]></system-out>
  </testcase>
  <testcase name="test32" classname="main.java.Simulador_ESTest" time="0.004">
    <system-out><![CDATA[

+---------------------------------------------------------------------------------------+
| -> Escreve o novo comercializador no formato Nome, CustoDiarioKwh, FatorImpostos      |
+---------------------------------------------------------------------------------------+

Insere aqui a tua resposta: 
]]></system-out>
  </testcase>
  <testcase name="test76" classname="main.java.Simulador_ESTest" time="0.004"/>
  <testcase name="test73" classname="main.java.Simulador_ESTest" time="0.035"/>
  <testcase name="test30" classname="main.java.Simulador_ESTest" time="0.004">
    <system-out><![CDATA[

+---------------------------------------------------------------------------------------+
| -> Escreve o novo comercializador no formato Nome, CustoDiarioKwh, FatorImpostos      |
+---------------------------------------------------------------------------------------+

Insere aqui a tua resposta: 
]]></system-out>
  </testcase>
  <testcase name="test74" classname="main.java.Simulador_ESTest" time="0.004"/>
  <testcase name="test71" classname="main.java.Simulador_ESTest" time="0.003"/>
  <testcase name="test72" classname="main.java.Simulador_ESTest" time="0.004">
    <system-out><![CDATA[

+--------------------------------------------------+
| -> Ficheiro nao encontrado                       |
+--------------------------------------------------+
]]></system-out>
    <system-err><![CDATA[java.io.FileNotFoundException
	at org.evosuite.runtime.mock.java.io.MockFileInputStream.<init>(MockFileInputStream.java:86)
	at main.java.Simulador.construirSimulador(Simulador.java:98)
	at main.java.Simulador_ESTest.test72(Simulador_ESTest.java:1014)
	at sun.reflect.NativeMethodAccessorImpl.invoke0(Native Method)
	at sun.reflect.NativeMethodAccessorImpl.invoke(NativeMethodAccessorImpl.java:62)
	at sun.reflect.DelegatingMethodAccessorImpl.invoke(DelegatingMethodAccessorImpl.java:43)
	at java.lang.reflect.Method.invoke(Method.java:498)
	at org.junit.runners.model.FrameworkMethod$1.runReflectiveCall(FrameworkMethod.java:59)
	at org.junit.internal.runners.model.ReflectiveCallable.run(ReflectiveCallable.java:12)
	at org.junit.runners.model.FrameworkMethod.invokeExplosively(FrameworkMethod.java:56)
	at org.junit.internal.runners.statements.InvokeMethod.evaluate(InvokeMethod.java:17)
	at org.junit.internal.runners.statements.FailOnTimeout$CallableStatement.call(FailOnTimeout.java:288)
	at org.junit.internal.runners.statements.FailOnTimeout$CallableStatement.call(FailOnTimeout.java:282)
	at java.util.concurrent.FutureTask.run(FutureTask.java:266)
	at java.lang.Thread.run(Thread.java:750)
]]></system-err>
  </testcase>
  <testcase name="test70" classname="main.java.Simulador_ESTest" time="0.004">
    <system-out><![CDATA[+--------------------------------------------------+
| -> Data atual: 2014-02-14                        |
+--------------------------------------------------+
|                                                  |
| -> Escolhe uma opcao                             |
|                                                  |
| 1. Avancar no tempo                              |
|                                                  |
| 2. Gerir entidades                               |
|                                                  |
| 3. Estatisticas                                  |
|                                                  |
| 4. Gravar estado atual em ficheiro               |
|                                                  |
| 5. Acabar Programa                               |
+--------------------------------------------------+

Insere aqui a tua resposta: 
+--------------------------------------------------+
| -> Data atual: 2014-02-14                        |
+--------------------------------------------------+
|                                                  |
| -> Escolhe uma opcao                             |
|                                                  |
| 1. Avancar no tempo                              |
|                                                  |
| 2. Gerir entidades                               |
|                                                  |
| 3. Estatisticas                                  |
|                                                  |
| 4. Gravar estado atual em ficheiro               |
|                                                  |
| 5. Acabar Programa                               |
+--------------------------------------------------+

Insere aqui a tua resposta: 
]]></system-out>
  </testcase>
  <testcase name="test28" classname="main.java.Simulador_ESTest" time="0.004">
    <system-out><![CDATA[

+--------------------------------------------------+
| 1. Criar SmartBulb                               |
|                                                  |
| 2. Criar SmartSpeaker                            |
|                                                  |
| 3. Criar SmartCamera                             |
+--------------------------------------------------+

Insere aqui a tua resposta: 
]]></system-out>
  </testcase>
  <testcase name="test29" classname="main.java.Simulador_ESTest" time="0.005">
    <system-out><![CDATA[

+--------------------------------------------------+
| 1. Criar SmartBulb                               |
|                                                  |
| 2. Criar SmartSpeaker                            |
|                                                  |
| 3. Criar SmartCamera                             |
+--------------------------------------------------+

Insere aqui a tua resposta: 
]]></system-out>
  </testcase>
  <testcase name="test26" classname="main.java.Simulador_ESTest" time="0.009">
    <system-out><![CDATA[

+--------------------------------------------------+
| 1. Criar SmartBulb                               |
|                                                  |
| 2. Criar SmartSpeaker                            |
|                                                  |
| 3. Criar SmartCamera                             |
+--------------------------------------------------+

Insere aqui a tua resposta: 


+-------------------------------------------------------------+
| -> Escreve no formato Modo,Largura,Altura,TamanhoFicheiro   |
| -> Exemplo: ON,1920,1080,50                                 |
+-------------------------------------------------------------+

Insere aqui a tua resposta: 
]]></system-out>
  </testcase>
  <testcase name="test27" classname="main.java.Simulador_ESTest" time="0.01">
    <system-out><![CDATA[

+--------------------------------------------------+
| 1. Criar SmartBulb                               |
|                                                  |
| 2. Criar SmartSpeaker                            |
|                                                  |
| 3. Criar SmartCamera                             |
+--------------------------------------------------+

Insere aqui a tua resposta: 
]]></system-out>
  </testcase>
  <testcase name="test24" classname="main.java.Simulador_ESTest" time="0.014">
    <system-out><![CDATA[

+--------------------------------------------------+
| 1. Gerir Comercializadores                       |
|                                                  |
| 2. Gerir Casas Inteligentes                      |
|                                                  |
| 3. Listar Dispositivos                           |
|                                                  |
| 4. Sair                                          |
+--------------------------------------------------+

Insere aqui a tua resposta: 


+--------------------------------------------------+
| 1. Gerir Comercializadores                       |
|                                                  |
| 2. Gerir Casas Inteligentes                      |
|                                                  |
| 3. Listar Dispositivos                           |
|                                                  |
| 4. Sair                                          |
+--------------------------------------------------+

Insere aqui a tua resposta: 
]]></system-out>
  </testcase>
  <testcase name="test68" classname="main.java.Simulador_ESTest" time="0.004">
    <system-out><![CDATA[

+--------------------------------------------------+
| 1. Gerir Comercializadores                       |
|                                                  |
| 2. Gerir Casas Inteligentes                      |
|                                                  |
| 3. Listar Dispositivos                           |
|                                                  |
| 4. Sair                                          |
+--------------------------------------------------+

Insere aqui a tua resposta: 
+--------------------------------------------------+
| 1. Listar comercializadores                      |
|                                                  |
| 2. Mudar valores de um comercializador           |
+--------------------------------------------------+

Insere aqui a tua resposta: 
]]></system-out>
  </testcase>
  <testcase name="test25" classname="main.java.Simulador_ESTest" time="0.004">
    <system-out><![CDATA[

+--------------------------------------------------+
| 1. Gerir Comercializadores                       |
|                                                  |
| 2. Gerir Casas Inteligentes                      |
|                                                  |
| 3. Listar Dispositivos                           |
|                                                  |
| 4. Sair                                          |
+--------------------------------------------------+

Insere aqui a tua resposta: 
]]></system-out>
  </testcase>
  <testcase name="test69" classname="main.java.Simulador_ESTest" time="0.004">
    <system-out><![CDATA[

+--------------------------------------------------+
| 1. Avancar X dias                                |
|                                                  |
| 2. Avancar para a data X                         |
+--------------------------------------------------+

Insere aqui a tua resposta: 
]]></system-out>
  </testcase>
  <testcase name="test22" classname="main.java.Simulador_ESTest" time="0.02">
    <system-out><![CDATA[null


+--------------------------------------------------+
| -> Escolha uma opcao                             |
+--------------------------------------------------+
|                                                  |
| 1. Mudar comercializador da casa                 |
|                                                  |
| 2. Adicionar dispositivo a casa                  |
|                                                  |
| 3. Adicionar divisao a casa                      |
|                                                  |
| 4. Sair                                          |
+--------------------------------------------------+

Insere aqui a tua resposta: 
]]></system-out>
  </testcase>
  <testcase name="test66" classname="main.java.Simulador_ESTest" time="0.013">
    <system-out><![CDATA[

+--------------------------------------------------+
| 1. Listar comercializadores                      |
|                                                  |
| 2. Criar comercializador                         |
+--------------------------------------------------+

Insere aqui a tua resposta: 


+--------------------------------------------------+
| -> Comercializadores existentes:                 |
+--------------------------------------------------+
| -> Escreve o nome do comercializador que queres  |
+--------------------------------------------------+

Insere aqui a tua resposta: 
]]></system-out>
  </testcase>
  <testcase name="test23" classname="main.java.Simulador_ESTest" time="0.003"/>
  <testcase name="test67" classname="main.java.Simulador_ESTest" time="0.004">
    <system-out><![CDATA[+--------------------------------------------------+
| 1. Listar comercializadores                      |
|                                                  |
| 2. Mudar valores de um comercializador           |
+--------------------------------------------------+

Insere aqui a tua resposta: 
]]></system-out>
  </testcase>
  <testcase name="test20" classname="main.java.Simulador_ESTest" time="0.003">
    <system-out><![CDATA[

+--------------------------------------------------+
| 1. Gerir Comercializadores                       |
|                                                  |
| 2. Gerir Casas Inteligentes                      |
|                                                  |
| 3. Listar Dispositivos                           |
|                                                  |
| 4. Sair                                          |
+--------------------------------------------------+

Insere aqui a tua resposta: 
]]></system-out>
  </testcase>
  <testcase name="test64" classname="main.java.Simulador_ESTest" time="0.003"/>
  <testcase name="test21" classname="main.java.Simulador_ESTest" time="0.044">
    <system-out><![CDATA[+--------------------------------------------------+
| 1. Listar comercializadores                      |
|                                                  |
| 2. Mudar valores de um comercializador           |
+--------------------------------------------------+

Insere aqui a tua resposta: 
]]></system-out>
  </testcase>
  <testcase name="test65" classname="main.java.Simulador_ESTest" time="0.002"/>
  <testcase name="test62" classname="main.java.Simulador_ESTest" time="0.029">
    <system-out><![CDATA[

+--------------------------------------------------+
| -> Ainda nao existem comercializadores           |
| -> Crie comercializadores para poder criar casa  |
+--------------------------------------------------+

]]></system-out>
  </testcase>
  <testcase name="test63" classname="main.java.Simulador_ESTest" time="0.012"/>
  <testcase name="test60" classname="main.java.Simulador_ESTest" time="0.014">
    <system-out><![CDATA[

+--------------------------------------------------+
| -> Comercializadores existentes:                 |
+--------------------------------------------------+
| -> Escreve o nome do comercializador que queres  |
+--------------------------------------------------+

Insere aqui a tua resposta: 
+--------------------------------------------------+
| -> Nome de Comercializador nao existente         |
+--------------------------------------------------+

]]></system-out>
  </testcase>
  <testcase name="test61" classname="main.java.Simulador_ESTest" time="0.016">
    <system-out><![CDATA[

+--------------------------------------------------+
| 1. Criar SmartBulb                               |
|                                                  |
| 2. Criar SmartSpeaker                            |
|                                                  |
| 3. Criar SmartCamera                             |
+--------------------------------------------------+

Insere aqui a tua resposta: 


+--------------------------------------------------+
| -> Opcao invalida, saindo                        |
+--------------------------------------------------+

]]></system-out>
  </testcase>
</testsuite>