<?xml version="1.0" encoding="UTF-8"?>
<testsuite xmlns:xsi="http://www.w3.org/2001/XMLSchema-instance" xsi:noNamespaceSchemaLocation="https://maven.apache.org/surefire/maven-surefire-plugin/xsd/surefire-test-report-3.0.xsd" version="3.0" name="smarthouse.CasaInteligente_ESTest" time="0.912" tests="82" errors="0" skipped="0" failures="0">
  <properties>
[...]
</properties>
  <testcase name="test50" classname="smarthouse.CasaInteligente_ESTest" time="0.017"/>
  <testcase name="test51" classname="smarthouse.CasaInteligente_ESTest" time="0.071"/>
  <testcase name="test52" classname="smarthouse.CasaInteligente_ESTest" time="0.02"/>
  <testcase name="test13" classname="smarthouse.CasaInteligente_ESTest" time="0.016"/>
  <testcase name="test57" classname="smarthouse.CasaInteligente_ESTest" time="0.016">
    <system-out><![CDATA[Coluna, id: , ON, 0
]]></system-out>
  </testcase>
  <testcase name="test14" classname="smarthouse.CasaInteligente_ESTest" time="0.02"/>
  <testcase name="test58" classname="smarthouse.CasaInteligente_ESTest" time="0.024"/>
  <testcase name="test15" classname="smarthouse.CasaInteligente_ESTest" time="0.024"/>
  <testcase name="test59" classname="smarthouse.CasaInteligente_ESTest" time="0.012"/>
  <testcase name="test16" classname="smarthouse.CasaInteligente_ESTest" time="0.003"/>
  <testcase name="test53" classname="smarthouse.CasaInteligente_ESTest" time="0.006"/>
  <testcase name="test10" classname="smarthouse.CasaInteligente_ESTest" time="0.004"/>
  <testcase name="test54" classname="smarthouse.CasaInteligente_ESTest" time="0.003"/>
  <testcase name="test11" classname="smarthouse.CasaInteligente_ESTest" time="0.004"/>
  <testcase name="test55" classname="smarthouse.CasaInteligente_ESTest" time="0.006"/>
  <testcase name="test12" classname="smarthouse.CasaInteligente_ESTest" time="0.028"/>
  <testcase name="test56" classname="smarthouse.CasaInteligente_ESTest" time="0.017"/>
  <testcase name="test17" classname="smarthouse.CasaInteligente_ESTest" time="0.013"/>
  <testcase name="test18" classname="smarthouse.CasaInteligente_ESTest" time="0.014"/>
  <testcase name="test19" classname="smarthouse.CasaInteligente_ESTest" time="0.032"/>
  <testcase name="test40" classname="smarthouse.CasaInteligente_ESTest" time="0.024">
    <system-out><![CDATA[Casa de }I76=8IYJ[[ (nif: 794, Fornecedor: }I76=8IYJ[[ (CustoKwh: 794.0000, Fator Impostos: -586.9059))


+--------------------------------------------------+
| -> Escreve o nif da casa que queres              |
+--------------------------------------------------+

Insere aqui a tua resposta: 
]]></system-out>
  </testcase>
  <testcase name="test41" classname="smarthouse.CasaInteligente_ESTest" time="0.014">
    <system-out><![CDATA[

+--------------------------------------------------+
| -> Nao existem casas                             |
+--------------------------------------------------+

]]></system-out>
  </testcase>
  <testcase name="test80" classname="smarthouse.CasaInteligente_ESTest" time="0.013"/>
  <testcase name="test81" classname="smarthouse.CasaInteligente_ESTest" time="0.016"/>
  <testcase name="test02" classname="smarthouse.CasaInteligente_ESTest" time="0.015"/>
  <testcase name="test46" classname="smarthouse.CasaInteligente_ESTest" time="0.003"/>
  <testcase name="test03" classname="smarthouse.CasaInteligente_ESTest" time="0.003"/>
  <testcase name="test47" classname="smarthouse.CasaInteligente_ESTest" time="0.005"/>
  <testcase name="test04" classname="smarthouse.CasaInteligente_ESTest" time="0.003"/>
  <testcase name="test48" classname="smarthouse.CasaInteligente_ESTest" time="0.003"/>
  <testcase name="test05" classname="smarthouse.CasaInteligente_ESTest" time="0.004"/>
  <testcase name="test49" classname="smarthouse.CasaInteligente_ESTest" time="0.003"/>
  <testcase name="test42" classname="smarthouse.CasaInteligente_ESTest" time="0.003">
    <system-out><![CDATA[

+--------------------------------------------------+
 -> A casa Casa de  (nif: -1768, Fornecedor: N/A (CustoKwh: -1.0000, Fator Impostos: -1.0000)) nao tem dispositivos
+--------------------------------------------------+

]]></system-out>
  </testcase>
  <testcase name="test43" classname="smarthouse.CasaInteligente_ESTest" time="0.003"/>
  <testcase name="test00" classname="smarthouse.CasaInteligente_ESTest" time="0.002"/>
  <testcase name="test44" classname="smarthouse.CasaInteligente_ESTest" time="0.003"/>
  <testcase name="test01" classname="smarthouse.CasaInteligente_ESTest" time="0.008"/>
  <testcase name="test45" classname="smarthouse.CasaInteligente_ESTest" time="0.028"/>
  <testcase name="test06" classname="smarthouse.CasaInteligente_ESTest" time="0.023"/>
  <testcase name="test07" classname="smarthouse.CasaInteligente_ESTest" time="0.023"/>
  <testcase name="test08" classname="smarthouse.CasaInteligente_ESTest" time="0.02"/>
  <testcase name="test09" classname="smarthouse.CasaInteligente_ESTest" time="0.02"/>
  <testcase name="test71" classname="smarthouse.CasaInteligente_ESTest" time="0.013"/>
  <testcase name="test72" classname="smarthouse.CasaInteligente_ESTest" time="0.015"/>
  <testcase name="test73" classname="smarthouse.CasaInteligente_ESTest" time="0.016"/>
  <testcase name="test30" classname="smarthouse.CasaInteligente_ESTest" time="0.02"/>
  <testcase name="test74" classname="smarthouse.CasaInteligente_ESTest" time="0.003"/>
  <testcase name="test70" classname="smarthouse.CasaInteligente_ESTest" time="0.003"/>
  <testcase name="test35" classname="smarthouse.CasaInteligente_ESTest" time="0.002"/>
  <testcase name="test79" classname="smarthouse.CasaInteligente_ESTest" time="0.002"/>
  <testcase name="test36" classname="smarthouse.CasaInteligente_ESTest" time="0.001"/>
  <testcase name="test37" classname="smarthouse.CasaInteligente_ESTest" time="0.002">
    <system-out><![CDATA[

+--------------------------------------------------+
| -> Nao encontrou fatura neste periodo            |
+--------------------------------------------------+

]]></system-out>
  </testcase>
  <testcase name="test38" classname="smarthouse.CasaInteligente_ESTest" time="0.003"/>
  <testcase name="test31" classname="smarthouse.CasaInteligente_ESTest" time="0.002"/>
  <testcase name="test75" classname="smarthouse.CasaInteligente_ESTest" time="0.003"/>
  <testcase name="test32" classname="smarthouse.CasaInteligente_ESTest" time="0.002"/>
  <testcase name="test76" classname="smarthouse.CasaInteligente_ESTest" time="0.002"/>
  <testcase name="test33" classname="smarthouse.CasaInteligente_ESTest" time="0.003"/>
  <testcase name="test77" classname="smarthouse.CasaInteligente_ESTest" time="0.002"/>
  <testcase name="test34" classname="smarthouse.CasaInteligente_ESTest" time="0.002"/>
  <testcase name="test78" classname="smarthouse.CasaInteligente_ESTest" time="0.002"/>
  <testcase name="test39" classname="smarthouse.CasaInteligente_ESTest" time="0.002"/>
  <testcase name="test60" classname="smarthouse.CasaInteligente_ESTest" time="0.002">
    <system-out><![CDATA[
+--------------------------------------------------+
| -> Divisoes disponiveis                          |
]/DDW v4X^$Y
+--------------------------------------------------+
| -> Escreva o nome da divisao que quer            |
+--------------------------------------------------+

Insere aqui a tua resposta: 
]]></system-out>
  </testcase>
  <testcase name="test61" classname="smarthouse.CasaInteligente_ESTest" time="0.003">
    <system-out><![CDATA[
+--------------------------------------------------+
| -> Divisoes disponiveis                          |
+--------------------------------------------------+
| -> Escreva o nome da divisao que quer            |
+--------------------------------------------------+

Insere aqui a tua resposta: 
+--------------------------------------------------+
| -> Essa Divisao nao existe                       |
+--------------------------------------------------+


+--------------------------------------------------+
| -> Divisoes disponiveis                          |
+--------------------------------------------------+
| -> Escreva o nome da divisao que quer            |
+--------------------------------------------------+

Insere aqui a tua resposta: 
]]></system-out>
  </testcase>
  <testcase name="test62" classname="smarthouse.CasaInteligente_ESTest" time="0.002"/>
  <testcase name="test63" classname="smarthouse.CasaInteligente_ESTest" time="0.035"/>
  <testcase name="test24" classname="smarthouse.CasaInteligente_ESTest" time="0.016">
    <system-out><![CDATA[
+--------------------------------------------------+
| -> Divisoes disponiveis                          |
+--------------------------------------------------+
| -> Escreva o nome da divisao que quer            |
+--------------------------------------------------+

Insere aqui a tua resposta: 
]]></system-out>
  </testcase>
  <testcase name="test68" classname="smarthouse.CasaInteligente_ESTest" time="0.02"/>
  <testcase name="test25" classname="smarthouse.CasaInteligente_ESTest" time="0.043">
    <system-out><![CDATA[
+--------------------------------------------------+
| -> Divisoes disponiveis                          |
+--------------------------------------------------+
| -> Escreva o nome da divisao que quer            |
+--------------------------------------------------+

Insere aqui a tua resposta: 
]]></system-out>
  </testcase>
  <testcase name="test69" classname="smarthouse.CasaInteligente_ESTest" time="0.016"/>
  <testcase name="test26" classname="smarthouse.CasaInteligente_ESTest" time="0.02"/>
  <testcase name="test27" classname="smarthouse.CasaInteligente_ESTest" time="0.003"/>
  <testcase name="test20" classname="smarthouse.CasaInteligente_ESTest" time="0.002"/>
  <testcase name="test64" classname="smarthouse.CasaInteligente_ESTest" time="0.002"/>
  <testcase name="test21" classname="smarthouse.CasaInteligente_ESTest" time="0.006"/>
  <testcase name="test65" classname="smarthouse.CasaInteligente_ESTest" time="0.002"/>
  <testcase name="test22" classname="smarthouse.CasaInteligente_ESTest" time="0.002"/>
  <testcase name="test66" classname="smarthouse.CasaInteligente_ESTest" time="0.002"/>
  <testcase name="test23" classname="smarthouse.CasaInteligente_ESTest" time="0.006">
    <system-out><![CDATA[
+--------------------------------------------------+
| -> Divisoes disponiveis                          |
+--------------------------------------------------+
| -> Escreva o nome da divisao que quer            |
+--------------------------------------------------+

Insere aqui a tua resposta: 
]]></system-out>
  </testcase>
  <testcase name="test67" classname="smarthouse.CasaInteligente_ESTest" time="0.002"/>
  <testcase name="test28" classname="smarthouse.CasaInteligente_ESTest" time="0.002"/>
  <testcase name="test29" classname="smarthouse.CasaInteligente_ESTest" time="0.002"/>
</testsuite>