<?xml version="1.0" encoding="UTF-8"?>
<testsuite xmlns:xsi="http://www.w3.org/2001/XMLSchema-instance" xsi:noNamespaceSchemaLocation="https://maven.apache.org/surefire/maven-surefire-plugin/xsd/surefire-test-report-3.0.xsd" version="3.0" name="src.test.java.SmartSpeakerTest" time="0.025" tests="5" errors="0" skipped="0" failures="0">
  <properties>
[...]
</properties>
  <testcase name="testeConstrutor" classname="src.test.java.SmartSpeakerTest" time="0.001"/>
  <testcase name="testGetMarca" classname="src.test.java.SmartSpeakerTest" time="0.001"/>
  <testcase name="testGetRadio" classname="src.test.java.SmartSpeakerTest" time="0.002"/>
  <testcase name="testSetVolume" classname="src.test.java.SmartSpeakerTest" time="0.001"/>
  <testcase name="testGetVolume" classname="src.test.java.SmartSpeakerTest" time="0.001"/>
</testsuite>